{"/home/gen/Backstage/step-sequence-generator/generator-ts/src/index.ts": {"path":"/home/gen/Backstage/step-sequence-generator/generator-ts/src/index.ts","all":true,"statementMap":{"0":{"start":{"line":1,"column":0},"end":{"line":1,"column":54}},"1":{"start":{"line":2,"column":0},"end":{"line":2,"column":60}},"2":{"start":{"line":3,"column":0},"end":{"line":3,"column":57}},"4":{"start":{"line":5,"column":0},"end":{"line":5,"column":63}},"5":{"start":{"line":6,"column":0},"end":{"line":6,"column":63}},"7":{"start":{"line":8,"column":0},"end":{"line":8,"column":16}},"8":{"start":{"line":9,"column":0},"end":{"line":9,"column":20}},"9":{"start":{"line":10,"column":0},"end":{"line":10,"column":70}},"10":{"start":{"line":11,"column":0},"end":{"line":11,"column":32}},"12":{"start":{"line":13,"column":0},"end":{"line":13,"column":54}},"13":{"start":{"line":14,"column":0},"end":{"line":14,"column":42}},"14":{"start":{"line":15,"column":0},"end":{"line":15,"column":74}},"15":{"start":{"line":16,"column":0},"end":{"line":16,"column":36}},"16":{"start":{"line":17,"column":0},"end":{"line":17,"column":63}},"18":{"start":{"line":19,"column":0},"end":{"line":19,"column":28}},"20":{"start":{"line":21,"column":0},"end":{"line":21,"column":70}},"22":{"start":{"line":23,"column":0},"end":{"line":23,"column":1}},"24":{"start":{"line":25,"column":0},"end":{"line":25,"column":73}},"25":{"start":{"line":26,"column":0},"end":{"line":26,"column":39}},"26":{"start":{"line":27,"column":0},"end":{"line":27,"column":15}},"27":{"start":{"line":28,"column":0},"end":{"line":28,"column":3}},"28":{"start":{"line":29,"column":0},"end":{"line":29,"column":35}},"29":{"start":{"line":30,"column":0},"end":{"line":30,"column":28}},"30":{"start":{"line":31,"column":0},"end":{"line":31,"column":78}},"31":{"start":{"line":32,"column":0},"end":{"line":32,"column":29}},"32":{"start":{"line":33,"column":0},"end":{"line":33,"column":3}},"33":{"start":{"line":34,"column":0},"end":{"line":34,"column":19}},"34":{"start":{"line":35,"column":0},"end":{"line":35,"column":1}},"36":{"start":{"line":37,"column":0},"end":{"line":37,"column":6}}},"s":{"0":0,"1":0,"2":0,"4":0,"5":0,"7":0,"8":0,"9":0,"10":0,"12":0,"13":0,"14":0,"15":0,"16":0,"18":0,"20":0,"22":0,"24":0,"25":0,"26":0,"27":0,"28":0,"29":0,"30":0,"31":0,"32":0,"33":0,"34":0,"36":0},"branchMap":{"0":{"type":"branch","line":1,"loc":{"start":{"line":1,"column":0},"end":{"line":37,"column":-222}},"locations":[{"start":{"line":1,"column":0},"end":{"line":37,"column":-222}}]}},"b":{"0":[0]},"fnMap":{"0":{"name":"(empty-report)","decl":{"start":{"line":1,"column":0},"end":{"line":37,"column":-222}},"loc":{"start":{"line":1,"column":0},"end":{"line":37,"column":-222}},"line":1}},"f":{"0":0}}
,"/home/gen/Backstage/step-sequence-generator/generator-ts/src/classes/Movement.ts": {"path":"/home/gen/Backstage/step-sequence-generator/generator-ts/src/classes/Movement.ts","all":false,"statementMap":{"25":{"start":{"line":26,"column":0},"end":{"line":26,"column":44}},"26":{"start":{"line":27,"column":0},"end":{"line":27,"column":24}},"27":{"start":{"line":28,"column":0},"end":{"line":28,"column":54}},"28":{"start":{"line":29,"column":0},"end":{"line":29,"column":48}},"29":{"start":{"line":30,"column":0},"end":{"line":30,"column":43}},"30":{"start":{"line":31,"column":0},"end":{"line":31,"column":27}},"31":{"start":{"line":32,"column":0},"end":{"line":32,"column":32}},"32":{"start":{"line":33,"column":0},"end":{"line":33,"column":27}},"33":{"start":{"line":34,"column":0},"end":{"line":34,"column":33}},"34":{"start":{"line":35,"column":0},"end":{"line":35,"column":36}},"36":{"start":{"line":37,"column":0},"end":{"line":37,"column":53}},"37":{"start":{"line":38,"column":0},"end":{"line":38,"column":30}},"38":{"start":{"line":39,"column":0},"end":{"line":39,"column":62}},"39":{"start":{"line":40,"column":0},"end":{"line":40,"column":56}},"40":{"start":{"line":41,"column":0},"end":{"line":41,"column":50}},"41":{"start":{"line":42,"column":0},"end":{"line":42,"column":38}},"42":{"start":{"line":43,"column":0},"end":{"line":43,"column":44}},"43":{"start":{"line":44,"column":0},"end":{"line":44,"column":40}},"44":{"start":{"line":45,"column":0},"end":{"line":45,"column":46}},"45":{"start":{"line":46,"column":0},"end":{"line":46,"column":52}},"46":{"start":{"line":47,"column":0},"end":{"line":47,"column":3}},"47":{"start":{"line":48,"column":0},"end":{"line":48,"column":1}}},"s":{"25":1,"26":2,"27":2,"28":2,"29":2,"30":2,"31":2,"32":2,"33":2,"34":2,"36":2,"37":2,"38":2,"39":2,"40":2,"41":2,"42":2,"43":2,"44":2,"45":2,"46":2,"47":2},"branchMap":{"0":{"type":"branch","line":26,"loc":{"start":{"line":26,"column":43},"end":{"line":48,"column":1}},"locations":[{"start":{"line":26,"column":43},"end":{"line":48,"column":1}}]},"1":{"type":"branch","line":37,"loc":{"start":{"line":37,"column":2},"end":{"line":47,"column":3}},"locations":[{"start":{"line":37,"column":2},"end":{"line":47,"column":3}}]}},"b":{"0":[2],"1":[2]},"fnMap":{"0":{"name":"<instance_members_initializer>","decl":{"start":{"line":26,"column":43},"end":{"line":48,"column":1}},"loc":{"start":{"line":26,"column":43},"end":{"line":48,"column":1}},"line":26},"1":{"name":"Movement","decl":{"start":{"line":37,"column":2},"end":{"line":47,"column":3}},"loc":{"start":{"line":37,"column":2},"end":{"line":47,"column":3}},"line":37}},"f":{"0":2,"1":2}}
,"/home/gen/Backstage/step-sequence-generator/generator-ts/src/classes/MovementFactory.ts": {"path":"/home/gen/Backstage/step-sequence-generator/generator-ts/src/classes/MovementFactory.ts","all":false,"statementMap":{"0":{"start":{"line":1,"column":0},"end":{"line":1,"column":28}},"1":{"start":{"line":2,"column":0},"end":{"line":2,"column":65}},"2":{"start":{"line":3,"column":0},"end":{"line":3,"column":52}},"3":{"start":{"line":4,"column":0},"end":{"line":4,"column":8}},"11":{"start":{"line":12,"column":0},"end":{"line":12,"column":27}},"13":{"start":{"line":14,"column":0},"end":{"line":14,"column":27}},"14":{"start":{"line":15,"column":0},"end":{"line":15,"column":25}},"15":{"start":{"line":16,"column":0},"end":{"line":16,"column":32}},"16":{"start":{"line":17,"column":0},"end":{"line":17,"column":30}},"17":{"start":{"line":18,"column":0},"end":{"line":18,"column":30}},"19":{"start":{"line":20,"column":0},"end":{"line":20,"column":23}},"20":{"start":{"line":21,"column":0},"end":{"line":21,"column":63}},"21":{"start":{"line":22,"column":0},"end":{"line":22,"column":39}},"22":{"start":{"line":23,"column":0},"end":{"line":23,"column":17}},"23":{"start":{"line":24,"column":0},"end":{"line":24,"column":15}},"24":{"start":{"line":25,"column":0},"end":{"line":25,"column":37}},"25":{"start":{"line":26,"column":0},"end":{"line":26,"column":54}},"27":{"start":{"line":28,"column":0},"end":{"line":28,"column":59}},"28":{"start":{"line":29,"column":0},"end":{"line":29,"column":50}},"29":{"start":{"line":30,"column":0},"end":{"line":30,"column":8}},"30":{"start":{"line":31,"column":0},"end":{"line":31,"column":53}},"31":{"start":{"line":32,"column":0},"end":{"line":32,"column":47}},"32":{"start":{"line":33,"column":0},"end":{"line":33,"column":8}},"33":{"start":{"line":34,"column":0},"end":{"line":34,"column":47}},"34":{"start":{"line":35,"column":0},"end":{"line":35,"column":47}},"35":{"start":{"line":36,"column":0},"end":{"line":36,"column":8}},"36":{"start":{"line":37,"column":0},"end":{"line":37,"column":67}},"37":{"start":{"line":38,"column":0},"end":{"line":38,"column":41}},"38":{"start":{"line":39,"column":0},"end":{"line":39,"column":39}},"39":{"start":{"line":40,"column":0},"end":{"line":40,"column":36}},"40":{"start":{"line":41,"column":0},"end":{"line":41,"column":8}},"41":{"start":{"line":42,"column":0},"end":{"line":42,"column":70}},"42":{"start":{"line":43,"column":0},"end":{"line":43,"column":43}},"43":{"start":{"line":44,"column":0},"end":{"line":44,"column":40}},"44":{"start":{"line":45,"column":0},"end":{"line":45,"column":37}},"45":{"start":{"line":46,"column":0},"end":{"line":46,"column":8}},"46":{"start":{"line":47,"column":0},"end":{"line":47,"column":49}},"47":{"start":{"line":48,"column":0},"end":{"line":48,"column":46}},"48":{"start":{"line":49,"column":0},"end":{"line":49,"column":8}},"49":{"start":{"line":50,"column":0},"end":{"line":50,"column":6}},"50":{"start":{"line":51,"column":0},"end":{"line":51,"column":38}},"51":{"start":{"line":52,"column":0},"end":{"line":52,"column":3}},"53":{"start":{"line":54,"column":0},"end":{"line":54,"column":52}},"54":{"start":{"line":55,"column":0},"end":{"line":55,"column":41}},"55":{"start":{"line":56,"column":0},"end":{"line":56,"column":25}},"56":{"start":{"line":57,"column":0},"end":{"line":57,"column":36}},"57":{"start":{"line":58,"column":0},"end":{"line":58,"column":12}},"58":{"start":{"line":59,"column":0},"end":{"line":59,"column":31}},"59":{"start":{"line":60,"column":0},"end":{"line":60,"column":5}},"60":{"start":{"line":61,"column":0},"end":{"line":61,"column":3}},"62":{"start":{"line":63,"column":0},"end":{"line":63,"column":55}},"63":{"start":{"line":64,"column":0},"end":{"line":64,"column":40}},"65":{"start":{"line":66,"column":0},"end":{"line":66,"column":37}},"67":{"start":{"line":68,"column":0},"end":{"line":68,"column":39}},"68":{"start":{"line":69,"column":0},"end":{"line":69,"column":24}},"69":{"start":{"line":70,"column":0},"end":{"line":70,"column":46}},"70":{"start":{"line":71,"column":0},"end":{"line":71,"column":24}},"71":{"start":{"line":72,"column":0},"end":{"line":72,"column":12}},"72":{"start":{"line":73,"column":0},"end":{"line":73,"column":28}},"73":{"start":{"line":74,"column":0},"end":{"line":74,"column":5}},"74":{"start":{"line":75,"column":0},"end":{"line":75,"column":3}},"76":{"start":{"line":77,"column":0},"end":{"line":77,"column":35}},"77":{"start":{"line":78,"column":0},"end":{"line":78,"column":23}},"78":{"start":{"line":79,"column":0},"end":{"line":79,"column":20}},"79":{"start":{"line":80,"column":0},"end":{"line":80,"column":14}},"80":{"start":{"line":81,"column":0},"end":{"line":81,"column":48}},"81":{"start":{"line":82,"column":0},"end":{"line":82,"column":41}},"82":{"start":{"line":83,"column":0},"end":{"line":83,"column":44}},"83":{"start":{"line":84,"column":0},"end":{"line":84,"column":39}},"85":{"start":{"line":86,"column":0},"end":{"line":86,"column":49}},"86":{"start":{"line":87,"column":0},"end":{"line":87,"column":3}},"88":{"start":{"line":89,"column":0},"end":{"line":89,"column":55}},"89":{"start":{"line":90,"column":0},"end":{"line":90,"column":78}},"90":{"start":{"line":91,"column":0},"end":{"line":91,"column":76}},"91":{"start":{"line":92,"column":0},"end":{"line":92,"column":5}},"92":{"start":{"line":93,"column":0},"end":{"line":93,"column":16}},"93":{"start":{"line":94,"column":0},"end":{"line":94,"column":3}},"95":{"start":{"line":96,"column":0},"end":{"line":96,"column":64}},"96":{"start":{"line":97,"column":0},"end":{"line":97,"column":40}},"98":{"start":{"line":99,"column":0},"end":{"line":99,"column":36}},"99":{"start":{"line":100,"column":0},"end":{"line":100,"column":36}},"100":{"start":{"line":101,"column":0},"end":{"line":101,"column":40}},"101":{"start":{"line":102,"column":0},"end":{"line":102,"column":32}},"102":{"start":{"line":103,"column":0},"end":{"line":103,"column":8}},"104":{"start":{"line":105,"column":0},"end":{"line":105,"column":34}},"105":{"start":{"line":106,"column":0},"end":{"line":106,"column":3}},"107":{"start":{"line":108,"column":0},"end":{"line":108,"column":55}},"108":{"start":{"line":109,"column":0},"end":{"line":109,"column":45}},"109":{"start":{"line":110,"column":0},"end":{"line":110,"column":36}},"110":{"start":{"line":111,"column":0},"end":{"line":111,"column":72}},"111":{"start":{"line":112,"column":0},"end":{"line":112,"column":35}},"112":{"start":{"line":113,"column":0},"end":{"line":113,"column":46}},"113":{"start":{"line":114,"column":0},"end":{"line":114,"column":24}},"114":{"start":{"line":115,"column":0},"end":{"line":115,"column":12}},"115":{"start":{"line":116,"column":0},"end":{"line":116,"column":25}},"116":{"start":{"line":117,"column":0},"end":{"line":117,"column":5}},"117":{"start":{"line":118,"column":0},"end":{"line":118,"column":3}},"119":{"start":{"line":120,"column":0},"end":{"line":120,"column":80}},"120":{"start":{"line":121,"column":0},"end":{"line":121,"column":51}},"121":{"start":{"line":122,"column":0},"end":{"line":122,"column":47}},"123":{"start":{"line":124,"column":0},"end":{"line":124,"column":39}},"124":{"start":{"line":125,"column":0},"end":{"line":125,"column":37}},"126":{"start":{"line":127,"column":0},"end":{"line":127,"column":46}},"127":{"start":{"line":128,"column":0},"end":{"line":128,"column":3}},"129":{"start":{"line":130,"column":0},"end":{"line":130,"column":60}},"130":{"start":{"line":131,"column":0},"end":{"line":131,"column":64}},"131":{"start":{"line":132,"column":0},"end":{"line":132,"column":64}},"132":{"start":{"line":133,"column":0},"end":{"line":133,"column":16}},"133":{"start":{"line":134,"column":0},"end":{"line":134,"column":3}},"135":{"start":{"line":136,"column":0},"end":{"line":136,"column":45}},"136":{"start":{"line":137,"column":0},"end":{"line":137,"column":24}},"137":{"start":{"line":138,"column":0},"end":{"line":138,"column":17}},"138":{"start":{"line":139,"column":0},"end":{"line":139,"column":41}},"139":{"start":{"line":140,"column":0},"end":{"line":140,"column":34}},"140":{"start":{"line":141,"column":0},"end":{"line":141,"column":3}},"142":{"start":{"line":143,"column":0},"end":{"line":143,"column":43}},"143":{"start":{"line":144,"column":0},"end":{"line":144,"column":18}},"144":{"start":{"line":145,"column":0},"end":{"line":145,"column":27}},"145":{"start":{"line":146,"column":0},"end":{"line":146,"column":41}},"146":{"start":{"line":147,"column":0},"end":{"line":147,"column":39}},"147":{"start":{"line":148,"column":0},"end":{"line":148,"column":39}},"148":{"start":{"line":149,"column":0},"end":{"line":149,"column":38}},"149":{"start":{"line":150,"column":0},"end":{"line":150,"column":42}},"150":{"start":{"line":151,"column":0},"end":{"line":151,"column":12}},"151":{"start":{"line":152,"column":0},"end":{"line":152,"column":43}},"152":{"start":{"line":153,"column":0},"end":{"line":153,"column":5}},"153":{"start":{"line":154,"column":0},"end":{"line":154,"column":3}},"155":{"start":{"line":156,"column":0},"end":{"line":156,"column":76}},"156":{"start":{"line":157,"column":0},"end":{"line":157,"column":37}},"157":{"start":{"line":158,"column":0},"end":{"line":158,"column":40}},"159":{"start":{"line":160,"column":0},"end":{"line":160,"column":36}},"160":{"start":{"line":161,"column":0},"end":{"line":161,"column":36}},"161":{"start":{"line":162,"column":0},"end":{"line":162,"column":44}},"162":{"start":{"line":163,"column":0},"end":{"line":163,"column":36}},"163":{"start":{"line":164,"column":0},"end":{"line":164,"column":8}},"165":{"start":{"line":166,"column":0},"end":{"line":166,"column":28}},"166":{"start":{"line":167,"column":0},"end":{"line":167,"column":53}},"167":{"start":{"line":168,"column":0},"end":{"line":168,"column":35}},"168":{"start":{"line":169,"column":0},"end":{"line":169,"column":46}},"169":{"start":{"line":170,"column":0},"end":{"line":170,"column":12}},"170":{"start":{"line":171,"column":0},"end":{"line":171,"column":41}},"171":{"start":{"line":172,"column":0},"end":{"line":172,"column":5}},"172":{"start":{"line":173,"column":0},"end":{"line":173,"column":21}},"173":{"start":{"line":174,"column":0},"end":{"line":174,"column":3}},"175":{"start":{"line":176,"column":0},"end":{"line":176,"column":71}},"176":{"start":{"line":177,"column":0},"end":{"line":177,"column":40}},"177":{"start":{"line":178,"column":0},"end":{"line":178,"column":36}},"178":{"start":{"line":179,"column":0},"end":{"line":179,"column":36}},"179":{"start":{"line":180,"column":0},"end":{"line":180,"column":44}},"180":{"start":{"line":181,"column":0},"end":{"line":181,"column":36}},"181":{"start":{"line":182,"column":0},"end":{"line":182,"column":8}},"183":{"start":{"line":184,"column":0},"end":{"line":184,"column":56}},"184":{"start":{"line":185,"column":0},"end":{"line":185,"column":48}},"185":{"start":{"line":186,"column":0},"end":{"line":186,"column":39}},"186":{"start":{"line":187,"column":0},"end":{"line":187,"column":12}},"187":{"start":{"line":188,"column":0},"end":{"line":188,"column":46}},"188":{"start":{"line":189,"column":0},"end":{"line":189,"column":5}},"189":{"start":{"line":190,"column":0},"end":{"line":190,"column":3}},"190":{"start":{"line":191,"column":0},"end":{"line":191,"column":1}}},"s":{"0":1,"1":1,"2":1,"3":1,"11":1,"13":1,"14":1,"15":1,"16":1,"17":1,"19":1,"20":1,"21":1,"22":1,"23":1,"24":1,"25":1,"27":1,"28":1,"29":1,"30":1,"31":1,"32":1,"33":1,"34":1,"35":1,"36":1,"37":1,"38":1,"39":1,"40":1,"41":1,"42":1,"43":1,"44":1,"45":1,"46":1,"47":1,"48":1,"49":1,"50":1,"51":1,"53":1,"54":3,"55":3,"56":2,"57":3,"58":1,"59":1,"60":3,"62":1,"63":4,"65":4,"67":4,"68":1,"69":4,"70":2,"71":3,"72":1,"73":1,"74":4,"76":1,"77":3,"78":3,"79":3,"80":3,"81":3,"82":3,"83":3,"85":3,"86":3,"88":1,"89":14,"90":1,"91":1,"92":13,"93":14,"95":1,"96":4,"98":4,"99":4,"100":1,"101":1,"102":1,"104":3,"105":4,"107":1,"108":4,"109":4,"110":4,"111":1,"112":4,"113":1,"114":3,"115":2,"116":2,"117":4,"119":1,"120":3,"121":3,"123":3,"124":3,"126":3,"127":3,"129":1,"130":13,"131":13,"132":12,"133":13,"135":1,"136":13,"137":13,"138":13,"139":13,"140":13,"142":1,"143":4,"144":4,"145":4,"146":4,"147":1,"148":4,"149":2,"150":3,"151":1,"152":1,"153":4,"155":1,"156":5,"157":5,"159":5,"160":5,"161":1,"162":1,"163":1,"165":5,"166":1,"167":5,"168":1,"169":3,"170":2,"171":2,"172":4,"173":5,"175":1,"176":4,"177":4,"178":4,"179":1,"180":1,"181":1,"183":3,"184":4,"185":0,"186":4,"187":3,"188":3,"189":4,"190":1},"branchMap":{"0":{"type":"branch","line":21,"loc":{"start":{"line":21,"column":9},"end":{"line":52,"column":3}},"locations":[{"start":{"line":21,"column":9},"end":{"line":52,"column":3}}]},"1":{"type":"branch","line":54,"loc":{"start":{"line":54,"column":17},"end":{"line":61,"column":3}},"locations":[{"start":{"line":54,"column":17},"end":{"line":61,"column":3}}]},"2":{"type":"branch","line":56,"loc":{"start":{"line":56,"column":24},"end":{"line":58,"column":11}},"locations":[{"start":{"line":56,"column":24},"end":{"line":58,"column":11}}]},"3":{"type":"branch","line":58,"loc":{"start":{"line":58,"column":4},"end":{"line":60,"column":5}},"locations":[{"start":{"line":58,"column":4},"end":{"line":60,"column":5}}]},"4":{"type":"branch","line":63,"loc":{"start":{"line":63,"column":17},"end":{"line":75,"column":3}},"locations":[{"start":{"line":63,"column":17},"end":{"line":75,"column":3}}]},"5":{"type":"branch","line":68,"loc":{"start":{"line":68,"column":38},"end":{"line":70,"column":15}},"locations":[{"start":{"line":68,"column":38},"end":{"line":70,"column":15}}]},"6":{"type":"branch","line":70,"loc":{"start":{"line":70,"column":4},"end":{"line":74,"column":5}},"locations":[{"start":{"line":70,"column":4},"end":{"line":74,"column":5}}]},"7":{"type":"branch","line":70,"loc":{"start":{"line":70,"column":45},"end":{"line":72,"column":11}},"locations":[{"start":{"line":70,"column":45},"end":{"line":72,"column":11}}]},"8":{"type":"branch","line":72,"loc":{"start":{"line":72,"column":4},"end":{"line":74,"column":5}},"locations":[{"start":{"line":72,"column":4},"end":{"line":74,"column":5}}]},"9":{"type":"branch","line":77,"loc":{"start":{"line":77,"column":17},"end":{"line":87,"column":3}},"locations":[{"start":{"line":77,"column":17},"end":{"line":87,"column":3}}]},"10":{"type":"branch","line":89,"loc":{"start":{"line":89,"column":17},"end":{"line":94,"column":3}},"locations":[{"start":{"line":89,"column":17},"end":{"line":94,"column":3}}]},"11":{"type":"branch","line":90,"loc":{"start":{"line":90,"column":18},"end":{"line":90,"column":56}},"locations":[{"start":{"line":90,"column":18},"end":{"line":90,"column":56}}]},"12":{"type":"branch","line":90,"loc":{"start":{"line":90,"column":42},"end":{"line":90,"column":77}},"locations":[{"start":{"line":90,"column":42},"end":{"line":90,"column":77}}]},"13":{"type":"branch","line":90,"loc":{"start":{"line":90,"column":77},"end":{"line":92,"column":5}},"locations":[{"start":{"line":90,"column":77},"end":{"line":92,"column":5}}]},"14":{"type":"branch","line":92,"loc":{"start":{"line":92,"column":4},"end":{"line":93,"column":16}},"locations":[{"start":{"line":92,"column":4},"end":{"line":93,"column":16}}]},"15":{"type":"branch","line":96,"loc":{"start":{"line":96,"column":17},"end":{"line":106,"column":3}},"locations":[{"start":{"line":96,"column":17},"end":{"line":106,"column":3}}]},"16":{"type":"branch","line":100,"loc":{"start":{"line":100,"column":6},"end":{"line":103,"column":8}},"locations":[{"start":{"line":100,"column":6},"end":{"line":103,"column":8}}]},"17":{"type":"branch","line":103,"loc":{"start":{"line":103,"column":6},"end":{"line":105,"column":34}},"locations":[{"start":{"line":103,"column":6},"end":{"line":105,"column":34}}]},"18":{"type":"branch","line":108,"loc":{"start":{"line":108,"column":17},"end":{"line":118,"column":3}},"locations":[{"start":{"line":108,"column":17},"end":{"line":118,"column":3}}]},"19":{"type":"branch","line":111,"loc":{"start":{"line":111,"column":35},"end":{"line":111,"column":71}},"locations":[{"start":{"line":111,"column":35},"end":{"line":111,"column":71}}]},"20":{"type":"branch","line":111,"loc":{"start":{"line":111,"column":71},"end":{"line":113,"column":15}},"locations":[{"start":{"line":111,"column":71},"end":{"line":113,"column":15}}]},"21":{"type":"branch","line":113,"loc":{"start":{"line":113,"column":4},"end":{"line":117,"column":5}},"locations":[{"start":{"line":113,"column":4},"end":{"line":117,"column":5}}]},"22":{"type":"branch","line":113,"loc":{"start":{"line":113,"column":45},"end":{"line":115,"column":11}},"locations":[{"start":{"line":113,"column":45},"end":{"line":115,"column":11}}]},"23":{"type":"branch","line":115,"loc":{"start":{"line":115,"column":4},"end":{"line":117,"column":5}},"locations":[{"start":{"line":115,"column":4},"end":{"line":117,"column":5}}]},"24":{"type":"branch","line":120,"loc":{"start":{"line":120,"column":17},"end":{"line":128,"column":3}},"locations":[{"start":{"line":120,"column":17},"end":{"line":128,"column":3}}]},"25":{"type":"branch","line":130,"loc":{"start":{"line":130,"column":17},"end":{"line":134,"column":3}},"locations":[{"start":{"line":130,"column":17},"end":{"line":134,"column":3}}]},"26":{"type":"branch","line":131,"loc":{"start":{"line":131,"column":32},"end":{"line":131,"column":64}},"locations":[{"start":{"line":131,"column":32},"end":{"line":131,"column":64}}]},"27":{"type":"branch","line":132,"loc":{"start":{"line":132,"column":6},"end":{"line":132,"column":64}},"locations":[{"start":{"line":132,"column":6},"end":{"line":132,"column":64}}]},"28":{"type":"branch","line":132,"loc":{"start":{"line":132,"column":62},"end":{"line":133,"column":16}},"locations":[{"start":{"line":132,"column":62},"end":{"line":133,"column":16}}]},"29":{"type":"branch","line":136,"loc":{"start":{"line":136,"column":17},"end":{"line":141,"column":3}},"locations":[{"start":{"line":136,"column":17},"end":{"line":141,"column":3}}]},"30":{"type":"branch","line":139,"loc":{"start":{"line":139,"column":12},"end":{"line":139,"column":40}},"locations":[{"start":{"line":139,"column":12},"end":{"line":139,"column":40}}]},"31":{"type":"branch","line":140,"loc":{"start":{"line":140,"column":11},"end":{"line":140,"column":32}},"locations":[{"start":{"line":140,"column":11},"end":{"line":140,"column":32}}]},"32":{"type":"branch","line":143,"loc":{"start":{"line":143,"column":17},"end":{"line":154,"column":3}},"locations":[{"start":{"line":143,"column":17},"end":{"line":154,"column":3}}]},"33":{"type":"branch","line":147,"loc":{"start":{"line":147,"column":38},"end":{"line":149,"column":15}},"locations":[{"start":{"line":147,"column":38},"end":{"line":149,"column":15}}]},"34":{"type":"branch","line":149,"loc":{"start":{"line":149,"column":4},"end":{"line":153,"column":5}},"locations":[{"start":{"line":149,"column":4},"end":{"line":153,"column":5}}]},"35":{"type":"branch","line":149,"loc":{"start":{"line":149,"column":37},"end":{"line":151,"column":11}},"locations":[{"start":{"line":149,"column":37},"end":{"line":151,"column":11}}]},"36":{"type":"branch","line":151,"loc":{"start":{"line":151,"column":4},"end":{"line":153,"column":5}},"locations":[{"start":{"line":151,"column":4},"end":{"line":153,"column":5}}]},"37":{"type":"branch","line":156,"loc":{"start":{"line":156,"column":17},"end":{"line":174,"column":3}},"locations":[{"start":{"line":156,"column":17},"end":{"line":174,"column":3}}]},"38":{"type":"branch","line":161,"loc":{"start":{"line":161,"column":6},"end":{"line":164,"column":8}},"locations":[{"start":{"line":161,"column":6},"end":{"line":164,"column":8}}]},"39":{"type":"branch","line":164,"loc":{"start":{"line":164,"column":6},"end":{"line":166,"column":27}},"locations":[{"start":{"line":164,"column":6},"end":{"line":166,"column":27}}]},"40":{"type":"branch","line":166,"loc":{"start":{"line":166,"column":27},"end":{"line":168,"column":15}},"locations":[{"start":{"line":166,"column":27},"end":{"line":168,"column":15}}]},"41":{"type":"branch","line":168,"loc":{"start":{"line":168,"column":4},"end":{"line":172,"column":5}},"locations":[{"start":{"line":168,"column":4},"end":{"line":172,"column":5}}]},"42":{"type":"branch","line":168,"loc":{"start":{"line":168,"column":34},"end":{"line":170,"column":11}},"locations":[{"start":{"line":168,"column":34},"end":{"line":170,"column":11}}]},"43":{"type":"branch","line":170,"loc":{"start":{"line":170,"column":4},"end":{"line":172,"column":5}},"locations":[{"start":{"line":170,"column":4},"end":{"line":172,"column":5}}]},"44":{"type":"branch","line":172,"loc":{"start":{"line":172,"column":4},"end":{"line":173,"column":21}},"locations":[{"start":{"line":172,"column":4},"end":{"line":173,"column":21}}]},"45":{"type":"branch","line":176,"loc":{"start":{"line":176,"column":17},"end":{"line":190,"column":3}},"locations":[{"start":{"line":176,"column":17},"end":{"line":190,"column":3}}]},"46":{"type":"branch","line":179,"loc":{"start":{"line":179,"column":6},"end":{"line":182,"column":8}},"locations":[{"start":{"line":179,"column":6},"end":{"line":182,"column":8}}]},"47":{"type":"branch","line":182,"loc":{"start":{"line":182,"column":6},"end":{"line":185,"column":47}},"locations":[{"start":{"line":182,"column":6},"end":{"line":185,"column":47}}]},"48":{"type":"branch","line":185,"loc":{"start":{"line":185,"column":47},"end":{"line":187,"column":11}},"locations":[{"start":{"line":185,"column":47},"end":{"line":187,"column":11}}]},"49":{"type":"branch","line":187,"loc":{"start":{"line":187,"column":4},"end":{"line":189,"column":5}},"locations":[{"start":{"line":187,"column":4},"end":{"line":189,"column":5}}]}},"b":{"0":[1],"1":[3],"2":[2],"3":[1],"4":[4],"5":[1],"6":[3],"7":[2],"8":[1],"9":[3],"10":[14],"11":[10],"12":[3],"13":[1],"14":[13],"15":[4],"16":[1],"17":[3],"18":[4],"19":[2],"20":[1],"21":[3],"22":[1],"23":[2],"24":[3],"25":[13],"26":[6],"27":[1],"28":[12],"29":[13],"30":[7],"31":[20],"32":[4],"33":[1],"34":[3],"35":[2],"36":[1],"37":[5],"38":[1],"39":[4],"40":[1],"41":[3],"42":[1],"43":[2],"44":[4],"45":[4],"46":[1],"47":[3],"48":[0],"49":[3]},"fnMap":{"0":{"name":"createFromExcelData","decl":{"start":{"line":21,"column":9},"end":{"line":52,"column":3}},"loc":{"start":{"line":21,"column":9},"end":{"line":52,"column":3}},"line":21},"1":{"name":"parseName","decl":{"start":{"line":54,"column":17},"end":{"line":61,"column":3}},"loc":{"start":{"line":54,"column":17},"end":{"line":61,"column":3}},"line":54},"2":{"name":"parseStartEdge","decl":{"start":{"line":63,"column":17},"end":{"line":75,"column":3}},"loc":{"start":{"line":63,"column":17},"end":{"line":75,"column":3}},"line":63},"3":{"name":"parseIsChangeEdge","decl":{"start":{"line":77,"column":17},"end":{"line":87,"column":3}},"loc":{"start":{"line":77,"column":17},"end":{"line":87,"column":3}},"line":77},"4":{"name":"validateEdge","decl":{"start":{"line":89,"column":17},"end":{"line":94,"column":3}},"loc":{"start":{"line":89,"column":17},"end":{"line":94,"column":3}},"line":89},"5":{"name":"parseIsSpeedIncrease","decl":{"start":{"line":96,"column":17},"end":{"line":106,"column":3}},"loc":{"start":{"line":96,"column":17},"end":{"line":106,"column":3}},"line":96},"6":{"name":"parseStartLeg","decl":{"start":{"line":108,"column":17},"end":{"line":118,"column":3}},"loc":{"start":{"line":108,"column":17},"end":{"line":118,"column":3}},"line":108},"7":{"name":"parseIsChangeLeg","decl":{"start":{"line":120,"column":17},"end":{"line":128,"column":3}},"loc":{"start":{"line":120,"column":17},"end":{"line":128,"column":3}},"line":120},"8":{"name":"validateLegList","decl":{"start":{"line":130,"column":17},"end":{"line":134,"column":3}},"loc":{"start":{"line":130,"column":17},"end":{"line":134,"column":3}},"line":130},"9":{"name":"getLegList","decl":{"start":{"line":136,"column":17},"end":{"line":141,"column":3}},"loc":{"start":{"line":136,"column":17},"end":{"line":141,"column":3}},"line":136},"10":{"name":"parseTranslationDirection","decl":{"start":{"line":143,"column":17},"end":{"line":154,"column":3}},"loc":{"start":{"line":143,"column":17},"end":{"line":154,"column":3}},"line":143},"11":{"name":"parseRotationDirection","decl":{"start":{"line":156,"column":17},"end":{"line":174,"column":3}},"loc":{"start":{"line":156,"column":17},"end":{"line":174,"column":3}},"line":156},"12":{"name":"parseRotationDegree","decl":{"start":{"line":176,"column":17},"end":{"line":190,"column":3}},"loc":{"start":{"line":176,"column":17},"end":{"line":190,"column":3}},"line":176}},"f":{"0":1,"1":3,"2":4,"3":3,"4":14,"5":4,"6":4,"7":3,"8":13,"9":13,"10":4,"11":5,"12":4}}
,"/home/gen/Backstage/step-sequence-generator/generator-ts/src/classes/MovementLibrary.ts": {"path":"/home/gen/Backstage/step-sequence-generator/generator-ts/src/classes/MovementLibrary.ts","all":false,"statementMap":{"2":{"start":{"line":3,"column":0},"end":{"line":3,"column":23}},"3":{"start":{"line":4,"column":0},"end":{"line":4,"column":42}},"5":{"start":{"line":6,"column":0},"end":{"line":6,"column":38}},"6":{"start":{"line":7,"column":0},"end":{"line":7,"column":32}},"7":{"start":{"line":8,"column":0},"end":{"line":8,"column":3}},"9":{"start":{"line":10,"column":0},"end":{"line":10,"column":19}},"10":{"start":{"line":11,"column":0},"end":{"line":11,"column":27}},"11":{"start":{"line":12,"column":0},"end":{"line":12,"column":3}},"12":{"start":{"line":13,"column":0},"end":{"line":13,"column":1}}},"s":{"2":1,"3":1,"5":1,"6":1,"7":1,"9":1,"10":0,"11":0,"12":1},"branchMap":{"0":{"type":"branch","line":3,"loc":{"start":{"line":3,"column":22},"end":{"line":13,"column":1}},"locations":[{"start":{"line":3,"column":22},"end":{"line":13,"column":1}}]},"1":{"type":"branch","line":6,"loc":{"start":{"line":6,"column":2},"end":{"line":8,"column":3}},"locations":[{"start":{"line":6,"column":2},"end":{"line":8,"column":3}}]}},"b":{"0":[1],"1":[1]},"fnMap":{"0":{"name":"<instance_members_initializer>","decl":{"start":{"line":3,"column":22},"end":{"line":13,"column":1}},"loc":{"start":{"line":3,"column":22},"end":{"line":13,"column":1}},"line":3},"1":{"name":"MovementLibrary","decl":{"start":{"line":6,"column":2},"end":{"line":8,"column":3}},"loc":{"start":{"line":6,"column":2},"end":{"line":8,"column":3}},"line":6},"2":{"name":"get movements","decl":{"start":{"line":10,"column":2},"end":{"line":12,"column":3}},"loc":{"start":{"line":10,"column":2},"end":{"line":12,"column":3}},"line":10}},"f":{"0":1,"1":1,"2":0}}
,"/home/gen/Backstage/step-sequence-generator/generator-ts/src/enums/column-name-enum.ts": {"path":"/home/gen/Backstage/step-sequence-generator/generator-ts/src/enums/column-name-enum.ts","all":true,"statementMap":{"0":{"start":{"line":1,"column":0},"end":{"line":1,"column":17}},"1":{"start":{"line":2,"column":0},"end":{"line":2,"column":13}},"2":{"start":{"line":3,"column":0},"end":{"line":3,"column":18}},"3":{"start":{"line":4,"column":0},"end":{"line":4,"column":16}},"4":{"start":{"line":5,"column":0},"end":{"line":5,"column":19}},"5":{"start":{"line":6,"column":0},"end":{"line":6,"column":17}},"6":{"start":{"line":7,"column":0},"end":{"line":7,"column":30}},"7":{"start":{"line":8,"column":0},"end":{"line":8,"column":27}},"8":{"start":{"line":9,"column":0},"end":{"line":9,"column":26}}},"s":{"0":0,"1":0,"2":0,"3":0,"4":0,"5":0,"6":0,"7":0,"8":0},"branchMap":{"0":{"type":"branch","line":1,"loc":{"start":{"line":1,"column":0},"end":{"line":12,"column":-63}},"locations":[{"start":{"line":1,"column":0},"end":{"line":12,"column":-63}}]}},"b":{"0":[0]},"fnMap":{"0":{"name":"(empty-report)","decl":{"start":{"line":1,"column":0},"end":{"line":12,"column":-63}},"loc":{"start":{"line":1,"column":0},"end":{"line":12,"column":-63}},"line":1}},"f":{"0":0}}
,"/home/gen/Backstage/step-sequence-generator/generator-ts/src/enums/movement-enums.ts": {"path":"/home/gen/Backstage/step-sequence-generator/generator-ts/src/enums/movement-enums.ts","all":false,"statementMap":{"0":{"start":{"line":1,"column":0},"end":{"line":1,"column":11}},"1":{"start":{"line":2,"column":0},"end":{"line":2,"column":12}},"2":{"start":{"line":3,"column":0},"end":{"line":3,"column":12}},"3":{"start":{"line":4,"column":0},"end":{"line":4,"column":16}},"6":{"start":{"line":7,"column":0},"end":{"line":7,"column":10}},"7":{"start":{"line":8,"column":0},"end":{"line":8,"column":11}},"8":{"start":{"line":9,"column":0},"end":{"line":9,"column":12}},"11":{"start":{"line":12,"column":0},"end":{"line":12,"column":22}},"12":{"start":{"line":13,"column":0},"end":{"line":13,"column":16}},"13":{"start":{"line":14,"column":0},"end":{"line":14,"column":19}},"14":{"start":{"line":15,"column":0},"end":{"line":15,"column":19}},"15":{"start":{"line":16,"column":0},"end":{"line":16,"column":19}},"16":{"start":{"line":17,"column":0},"end":{"line":17,"column":19}},"17":{"start":{"line":18,"column":0},"end":{"line":18,"column":19}},"18":{"start":{"line":19,"column":0},"end":{"line":19,"column":21}},"21":{"start":{"line":22,"column":0},"end":{"line":22,"column":24}},"22":{"start":{"line":23,"column":0},"end":{"line":23,"column":11}},"23":{"start":{"line":24,"column":0},"end":{"line":24,"column":23}},"24":{"start":{"line":25,"column":0},"end":{"line":25,"column":16}},"27":{"start":{"line":28,"column":0},"end":{"line":28,"column":27}},"28":{"start":{"line":29,"column":0},"end":{"line":29,"column":11}},"29":{"start":{"line":30,"column":0},"end":{"line":30,"column":14}},"30":{"start":{"line":31,"column":0},"end":{"line":31,"column":15}}},"s":{"0":1,"1":1,"2":1,"3":1,"6":1,"7":1,"8":1,"11":1,"12":1,"13":1,"14":1,"15":1,"16":1,"17":1,"18":1,"21":1,"22":1,"23":1,"24":1,"27":1,"28":1,"29":1,"30":1},"branchMap":{"0":{"type":"branch","line":1,"loc":{"start":{"line":1,"column":0},"end":{"line":1,"column":11}},"locations":[{"start":{"line":1,"column":0},"end":{"line":1,"column":11}}]},"1":{"type":"branch","line":7,"loc":{"start":{"line":7,"column":0},"end":{"line":7,"column":10}},"locations":[{"start":{"line":7,"column":0},"end":{"line":7,"column":10}}]},"2":{"type":"branch","line":12,"loc":{"start":{"line":12,"column":0},"end":{"line":12,"column":22}},"locations":[{"start":{"line":12,"column":0},"end":{"line":12,"column":22}}]},"3":{"type":"branch","line":22,"loc":{"start":{"line":22,"column":0},"end":{"line":22,"column":24}},"locations":[{"start":{"line":22,"column":0},"end":{"line":22,"column":24}}]},"4":{"type":"branch","line":28,"loc":{"start":{"line":28,"column":0},"end":{"line":28,"column":27}},"locations":[{"start":{"line":28,"column":0},"end":{"line":28,"column":27}}]}},"b":{"0":[1],"1":[1],"2":[1],"3":[1],"4":[1]},"fnMap":{},"f":{}}
,"/home/gen/Backstage/step-sequence-generator/generator-ts/src/errors/custom-errors.ts": {"path":"/home/gen/Backstage/step-sequence-generator/generator-ts/src/errors/custom-errors.ts","all":false,"statementMap":{"0":{"start":{"line":1,"column":0},"end":{"line":1,"column":33}},"1":{"start":{"line":2,"column":0},"end":{"line":2,"column":14}},"2":{"start":{"line":3,"column":0},"end":{"line":3,"column":20}},"3":{"start":{"line":4,"column":0},"end":{"line":4,"column":35}},"4":{"start":{"line":5,"column":0},"end":{"line":5,"column":37}},"5":{"start":{"line":6,"column":0},"end":{"line":6,"column":5}},"6":{"start":{"line":7,"column":0},"end":{"line":7,"column":19}},"7":{"start":{"line":8,"column":0},"end":{"line":8,"column":38}},"8":{"start":{"line":9,"column":0},"end":{"line":9,"column":52}},"9":{"start":{"line":10,"column":0},"end":{"line":10,"column":3}},"10":{"start":{"line":11,"column":0},"end":{"line":11,"column":1}},"12":{"start":{"line":13,"column":0},"end":{"line":13,"column":47}},"13":{"start":{"line":14,"column":0},"end":{"line":14,"column":65}},"14":{"start":{"line":15,"column":0},"end":{"line":15,"column":34}},"15":{"start":{"line":16,"column":0},"end":{"line":16,"column":38}},"16":{"start":{"line":17,"column":0},"end":{"line":17,"column":3}},"17":{"start":{"line":18,"column":0},"end":{"line":18,"column":1}}},"s":{"0":1,"1":1,"2":5,"3":5,"4":5,"5":5,"6":5,"7":5,"8":5,"9":5,"10":1,"12":1,"13":1,"14":5,"15":5,"16":5,"17":1},"branchMap":{"0":{"type":"branch","line":2,"loc":{"start":{"line":2,"column":2},"end":{"line":10,"column":3}},"locations":[{"start":{"line":2,"column":2},"end":{"line":10,"column":3}}]},"1":{"type":"branch","line":14,"loc":{"start":{"line":14,"column":2},"end":{"line":17,"column":3}},"locations":[{"start":{"line":14,"column":2},"end":{"line":17,"column":3}}]}},"b":{"0":[5],"1":[5]},"fnMap":{"0":{"name":"CustomError","decl":{"start":{"line":2,"column":2},"end":{"line":10,"column":3}},"loc":{"start":{"line":2,"column":2},"end":{"line":10,"column":3}},"line":2},"1":{"name":"MovementParserError","decl":{"start":{"line":14,"column":2},"end":{"line":17,"column":3}},"loc":{"start":{"line":14,"column":2},"end":{"line":17,"column":3}},"line":14}},"f":{"0":5,"1":5}}
,"/home/gen/Backstage/step-sequence-generator/generator-ts/src/file-parser/excel-parser.ts": {"path":"/home/gen/Backstage/step-sequence-generator/generator-ts/src/file-parser/excel-parser.ts","all":false,"statementMap":{"4":{"start":{"line":5,"column":0},"end":{"line":5,"column":53}},"5":{"start":{"line":6,"column":0},"end":{"line":6,"column":34}},"6":{"start":{"line":7,"column":0},"end":{"line":7,"column":38}},"8":{"start":{"line":9,"column":0},"end":{"line":9,"column":51}},"9":{"start":{"line":10,"column":0},"end":{"line":10,"column":29}},"10":{"start":{"line":11,"column":0},"end":{"line":11,"column":35}},"11":{"start":{"line":12,"column":0},"end":{"line":12,"column":3}},"13":{"start":{"line":14,"column":0},"end":{"line":14,"column":18}},"14":{"start":{"line":15,"column":0},"end":{"line":15,"column":53}},"15":{"start":{"line":16,"column":0},"end":{"line":16,"column":55}},"16":{"start":{"line":17,"column":0},"end":{"line":17,"column":59}},"17":{"start":{"line":18,"column":0},"end":{"line":18,"column":55}},"18":{"start":{"line":19,"column":0},"end":{"line":19,"column":34}},"19":{"start":{"line":20,"column":0},"end":{"line":20,"column":6}},"21":{"start":{"line":22,"column":0},"end":{"line":22,"column":57}},"22":{"start":{"line":23,"column":0},"end":{"line":23,"column":72}},"23":{"start":{"line":24,"column":0},"end":{"line":24,"column":16}},"24":{"start":{"line":25,"column":0},"end":{"line":25,"column":3}},"26":{"start":{"line":27,"column":0},"end":{"line":27,"column":32}},"27":{"start":{"line":28,"column":0},"end":{"line":28,"column":39}},"28":{"start":{"line":29,"column":0},"end":{"line":29,"column":3}},"30":{"start":{"line":31,"column":0},"end":{"line":31,"column":29}},"31":{"start":{"line":32,"column":0},"end":{"line":32,"column":23}},"32":{"start":{"line":33,"column":0},"end":{"line":33,"column":29}},"33":{"start":{"line":34,"column":0},"end":{"line":34,"column":13}},"34":{"start":{"line":35,"column":0},"end":{"line":35,"column":33}},"36":{"start":{"line":37,"column":0},"end":{"line":37,"column":27}},"37":{"start":{"line":38,"column":0},"end":{"line":38,"column":63}},"38":{"start":{"line":39,"column":0},"end":{"line":39,"column":77}},"39":{"start":{"line":40,"column":0},"end":{"line":40,"column":75}},"40":{"start":{"line":41,"column":0},"end":{"line":41,"column":7}},"42":{"start":{"line":43,"column":0},"end":{"line":43,"column":7}},"44":{"start":{"line":45,"column":0},"end":{"line":45,"column":34}},"46":{"start":{"line":47,"column":0},"end":{"line":47,"column":47}},"47":{"start":{"line":48,"column":0},"end":{"line":48,"column":3}},"49":{"start":{"line":50,"column":0},"end":{"line":50,"column":70}},"50":{"start":{"line":51,"column":0},"end":{"line":51,"column":14}},"51":{"start":{"line":52,"column":0},"end":{"line":52,"column":44}},"52":{"start":{"line":53,"column":0},"end":{"line":53,"column":42}},"53":{"start":{"line":54,"column":0},"end":{"line":54,"column":3}},"55":{"start":{"line":56,"column":0},"end":{"line":56,"column":43}},"56":{"start":{"line":57,"column":0},"end":{"line":57,"column":47}},"58":{"start":{"line":59,"column":0},"end":{"line":59,"column":69}},"60":{"start":{"line":61,"column":0},"end":{"line":61,"column":33}},"61":{"start":{"line":62,"column":0},"end":{"line":62,"column":3}},"63":{"start":{"line":64,"column":0},"end":{"line":64,"column":21}},"64":{"start":{"line":65,"column":0},"end":{"line":65,"column":21}},"65":{"start":{"line":66,"column":0},"end":{"line":66,"column":27}},"66":{"start":{"line":67,"column":0},"end":{"line":67,"column":28}},"67":{"start":{"line":68,"column":0},"end":{"line":68,"column":37}},"68":{"start":{"line":69,"column":0},"end":{"line":69,"column":52}},"69":{"start":{"line":70,"column":0},"end":{"line":70,"column":47}},"70":{"start":{"line":71,"column":0},"end":{"line":71,"column":61}},"71":{"start":{"line":72,"column":0},"end":{"line":72,"column":22}},"72":{"start":{"line":73,"column":0},"end":{"line":73,"column":5}},"73":{"start":{"line":74,"column":0},"end":{"line":74,"column":16}},"74":{"start":{"line":75,"column":0},"end":{"line":75,"column":3}},"76":{"start":{"line":77,"column":0},"end":{"line":77,"column":21}},"77":{"start":{"line":78,"column":0},"end":{"line":78,"column":21}},"78":{"start":{"line":79,"column":0},"end":{"line":79,"column":29}},"79":{"start":{"line":80,"column":0},"end":{"line":80,"column":17}},"80":{"start":{"line":81,"column":0},"end":{"line":81,"column":35}},"81":{"start":{"line":82,"column":0},"end":{"line":82,"column":57}},"83":{"start":{"line":84,"column":0},"end":{"line":84,"column":39}},"84":{"start":{"line":85,"column":0},"end":{"line":85,"column":57}},"85":{"start":{"line":86,"column":0},"end":{"line":86,"column":27}},"86":{"start":{"line":87,"column":0},"end":{"line":87,"column":17}},"87":{"start":{"line":88,"column":0},"end":{"line":88,"column":32}},"88":{"start":{"line":89,"column":0},"end":{"line":89,"column":55}},"89":{"start":{"line":90,"column":0},"end":{"line":90,"column":10}},"90":{"start":{"line":91,"column":0},"end":{"line":91,"column":14}},"91":{"start":{"line":92,"column":0},"end":{"line":92,"column":54}},"92":{"start":{"line":93,"column":0},"end":{"line":93,"column":7}},"93":{"start":{"line":94,"column":0},"end":{"line":94,"column":5}},"94":{"start":{"line":95,"column":0},"end":{"line":95,"column":16}},"95":{"start":{"line":96,"column":0},"end":{"line":96,"column":3}},"96":{"start":{"line":97,"column":0},"end":{"line":97,"column":1}}},"s":{"4":1,"5":10,"6":10,"8":10,"9":10,"10":10,"11":10,"13":10,"14":0,"15":0,"16":0,"17":0,"18":0,"19":0,"21":0,"22":0,"23":0,"24":0,"26":10,"27":1,"28":1,"30":10,"31":1,"32":1,"33":1,"34":1,"36":1,"37":6,"38":2,"39":2,"40":2,"42":1,"44":1,"46":1,"47":1,"49":10,"50":2,"51":2,"52":2,"53":2,"55":10,"56":2,"58":2,"60":1,"61":2,"63":10,"64":1,"65":1,"66":1,"67":1,"68":1,"69":1,"70":2,"71":2,"72":2,"73":1,"74":1,"76":10,"77":3,"78":3,"79":3,"80":3,"81":3,"83":3,"84":9,"85":9,"86":9,"87":9,"88":9,"89":9,"90":9,"91":0,"92":0,"93":9,"94":3,"95":3,"96":10},"branchMap":{"0":{"type":"branch","line":5,"loc":{"start":{"line":5,"column":52},"end":{"line":97,"column":1}},"locations":[{"start":{"line":5,"column":52},"end":{"line":97,"column":1}}]},"1":{"type":"branch","line":9,"loc":{"start":{"line":9,"column":2},"end":{"line":12,"column":3}},"locations":[{"start":{"line":9,"column":2},"end":{"line":12,"column":3}}]},"2":{"type":"branch","line":27,"loc":{"start":{"line":27,"column":10},"end":{"line":29,"column":3}},"locations":[{"start":{"line":27,"column":10},"end":{"line":29,"column":3}}]},"3":{"type":"branch","line":31,"loc":{"start":{"line":31,"column":10},"end":{"line":48,"column":3}},"locations":[{"start":{"line":31,"column":10},"end":{"line":48,"column":3}}]},"4":{"type":"branch","line":47,"loc":{"start":{"line":47,"column":41},"end":{"line":47,"column":47}},"locations":[{"start":{"line":47,"column":41},"end":{"line":47,"column":47}}]},"5":{"type":"branch","line":37,"loc":{"start":{"line":37,"column":16},"end":{"line":43,"column":5}},"locations":[{"start":{"line":37,"column":16},"end":{"line":43,"column":5}}]},"6":{"type":"branch","line":38,"loc":{"start":{"line":38,"column":62},"end":{"line":41,"column":7}},"locations":[{"start":{"line":38,"column":62},"end":{"line":41,"column":7}}]},"7":{"type":"branch","line":45,"loc":{"start":{"line":45,"column":17},"end":{"line":45,"column":32}},"locations":[{"start":{"line":45,"column":17},"end":{"line":45,"column":32}}]},"8":{"type":"branch","line":50,"loc":{"start":{"line":50,"column":10},"end":{"line":54,"column":3}},"locations":[{"start":{"line":50,"column":10},"end":{"line":54,"column":3}}]},"9":{"type":"branch","line":52,"loc":{"start":{"line":52,"column":14},"end":{"line":52,"column":43}},"locations":[{"start":{"line":52,"column":14},"end":{"line":52,"column":43}}]},"10":{"type":"branch","line":53,"loc":{"start":{"line":53,"column":12},"end":{"line":53,"column":40}},"locations":[{"start":{"line":53,"column":12},"end":{"line":53,"column":40}}]},"11":{"type":"branch","line":56,"loc":{"start":{"line":56,"column":10},"end":{"line":62,"column":3}},"locations":[{"start":{"line":56,"column":10},"end":{"line":62,"column":3}}]},"12":{"type":"branch","line":59,"loc":{"start":{"line":59,"column":27},"end":{"line":61,"column":33}},"locations":[{"start":{"line":59,"column":27},"end":{"line":61,"column":33}}]},"13":{"type":"branch","line":64,"loc":{"start":{"line":64,"column":10},"end":{"line":75,"column":3}},"locations":[{"start":{"line":64,"column":10},"end":{"line":75,"column":3}}]},"14":{"type":"branch","line":70,"loc":{"start":{"line":70,"column":46},"end":{"line":73,"column":5}},"locations":[{"start":{"line":70,"column":46},"end":{"line":73,"column":5}}]},"15":{"type":"branch","line":77,"loc":{"start":{"line":77,"column":10},"end":{"line":96,"column":3}},"locations":[{"start":{"line":77,"column":10},"end":{"line":96,"column":3}}]},"16":{"type":"branch","line":84,"loc":{"start":{"line":84,"column":38},"end":{"line":94,"column":5}},"locations":[{"start":{"line":84,"column":38},"end":{"line":94,"column":5}}]},"17":{"type":"branch","line":91,"loc":{"start":{"line":91,"column":6},"end":{"line":93,"column":7}},"locations":[{"start":{"line":91,"column":6},"end":{"line":93,"column":7}}]}},"b":{"0":[10],"1":[10],"2":[1],"3":[1],"4":[0],"5":[6],"6":[2],"7":[1],"8":[2],"9":[8],"10":[9],"11":[2],"12":[1],"13":[1],"14":[2],"15":[3],"16":[9],"17":[0]},"fnMap":{"0":{"name":"<instance_members_initializer>","decl":{"start":{"line":5,"column":52},"end":{"line":97,"column":1}},"loc":{"start":{"line":5,"column":52},"end":{"line":97,"column":1}},"line":5},"1":{"name":"ExcelParser","decl":{"start":{"line":9,"column":2},"end":{"line":12,"column":3}},"loc":{"start":{"line":9,"column":2},"end":{"line":12,"column":3}},"line":9},"2":{"name":"parse","decl":{"start":{"line":14,"column":9},"end":{"line":25,"column":3}},"loc":{"start":{"line":14,"column":9},"end":{"line":25,"column":3}},"line":14},"3":{"name":"getFirstSheetsName","decl":{"start":{"line":27,"column":10},"end":{"line":29,"column":3}},"loc":{"start":{"line":27,"column":10},"end":{"line":29,"column":3}},"line":27},"4":{"name":"findLastLineNumber","decl":{"start":{"line":31,"column":10},"end":{"line":48,"column":3}},"loc":{"start":{"line":31,"column":10},"end":{"line":48,"column":3}},"line":31},"5":{"name":"cleanUpAndSortSheetKeys","decl":{"start":{"line":50,"column":10},"end":{"line":54,"column":3}},"loc":{"start":{"line":50,"column":10},"end":{"line":54,"column":3}},"line":50},"6":{"name":"getColumnNamesLastKey","decl":{"start":{"line":56,"column":10},"end":{"line":62,"column":3}},"loc":{"start":{"line":56,"column":10},"end":{"line":62,"column":3}},"line":56},"7":{"name":"createData","decl":{"start":{"line":64,"column":10},"end":{"line":75,"column":3}},"loc":{"start":{"line":64,"column":10},"end":{"line":75,"column":3}},"line":64},"8":{"name":"createLine","decl":{"start":{"line":77,"column":10},"end":{"line":96,"column":3}},"loc":{"start":{"line":77,"column":10},"end":{"line":96,"column":3}},"line":77}},"f":{"0":10,"1":10,"2":0,"3":1,"4":1,"5":2,"6":2,"7":1,"8":3}}
,"/home/gen/Backstage/step-sequence-generator/generator-ts/src/file-parser/xlsx-book.ts": {"path":"/home/gen/Backstage/step-sequence-generator/generator-ts/src/file-parser/xlsx-book.ts","all":false,"statementMap":{"0":{"start":{"line":1,"column":0},"end":{"line":1,"column":29}},"2":{"start":{"line":3,"column":0},"end":{"line":3,"column":30}},"4":{"start":{"line":5,"column":0},"end":{"line":5,"column":16}},"5":{"start":{"line":6,"column":0},"end":{"line":6,"column":37}},"6":{"start":{"line":7,"column":0},"end":{"line":7,"column":36}},"7":{"start":{"line":8,"column":0},"end":{"line":8,"column":44}},"8":{"start":{"line":9,"column":0},"end":{"line":9,"column":38}},"10":{"start":{"line":11,"column":0},"end":{"line":11,"column":52}},"11":{"start":{"line":12,"column":0},"end":{"line":12,"column":31}},"12":{"start":{"line":13,"column":0},"end":{"line":13,"column":29}},"13":{"start":{"line":14,"column":0},"end":{"line":14,"column":46}},"14":{"start":{"line":15,"column":0},"end":{"line":15,"column":46}},"15":{"start":{"line":16,"column":0},"end":{"line":16,"column":3}},"17":{"start":{"line":18,"column":0},"end":{"line":18,"column":24}},"18":{"start":{"line":19,"column":0},"end":{"line":19,"column":61}},"19":{"start":{"line":20,"column":0},"end":{"line":20,"column":50}},"20":{"start":{"line":21,"column":0},"end":{"line":21,"column":3}},"22":{"start":{"line":23,"column":0},"end":{"line":23,"column":32}},"23":{"start":{"line":24,"column":0},"end":{"line":24,"column":9}},"24":{"start":{"line":25,"column":0},"end":{"line":25,"column":64}},"25":{"start":{"line":26,"column":0},"end":{"line":26,"column":53}},"27":{"start":{"line":28,"column":0},"end":{"line":28,"column":55}},"28":{"start":{"line":29,"column":0},"end":{"line":29,"column":21}},"29":{"start":{"line":30,"column":0},"end":{"line":30,"column":22}},"30":{"start":{"line":31,"column":0},"end":{"line":31,"column":87}},"31":{"start":{"line":32,"column":0},"end":{"line":32,"column":8}},"32":{"start":{"line":33,"column":0},"end":{"line":33,"column":5}},"33":{"start":{"line":34,"column":0},"end":{"line":34,"column":3}},"35":{"start":{"line":36,"column":0},"end":{"line":36,"column":34}},"36":{"start":{"line":37,"column":0},"end":{"line":37,"column":25}},"37":{"start":{"line":38,"column":0},"end":{"line":38,"column":3}},"38":{"start":{"line":39,"column":0},"end":{"line":39,"column":1}}},"s":{"0":1,"2":1,"4":1,"5":4,"6":4,"7":4,"8":4,"10":4,"11":4,"12":4,"13":4,"14":4,"15":4,"17":4,"18":5,"19":5,"20":5,"22":4,"23":4,"24":4,"25":4,"27":4,"28":4,"29":1,"30":1,"31":1,"32":1,"33":4,"35":4,"36":1,"37":1,"38":4},"branchMap":{"0":{"type":"branch","line":5,"loc":{"start":{"line":5,"column":15},"end":{"line":39,"column":1}},"locations":[{"start":{"line":5,"column":15},"end":{"line":39,"column":1}}]},"1":{"type":"branch","line":11,"loc":{"start":{"line":11,"column":2},"end":{"line":16,"column":3}},"locations":[{"start":{"line":11,"column":2},"end":{"line":16,"column":3}}]},"2":{"type":"branch","line":18,"loc":{"start":{"line":18,"column":10},"end":{"line":21,"column":3}},"locations":[{"start":{"line":18,"column":10},"end":{"line":21,"column":3}}]},"3":{"type":"branch","line":23,"loc":{"start":{"line":23,"column":10},"end":{"line":34,"column":3}},"locations":[{"start":{"line":23,"column":10},"end":{"line":34,"column":3}}]},"4":{"type":"branch","line":29,"loc":{"start":{"line":29,"column":4},"end":{"line":33,"column":5}},"locations":[{"start":{"line":29,"column":4},"end":{"line":33,"column":5}}]},"5":{"type":"branch","line":36,"loc":{"start":{"line":36,"column":9},"end":{"line":38,"column":3}},"locations":[{"start":{"line":36,"column":9},"end":{"line":38,"column":3}}]}},"b":{"0":[4],"1":[4],"2":[5],"3":[4],"4":[1],"5":[1]},"fnMap":{"0":{"name":"<instance_members_initializer>","decl":{"start":{"line":5,"column":15},"end":{"line":39,"column":1}},"loc":{"start":{"line":5,"column":15},"end":{"line":39,"column":1}},"line":5},"1":{"name":"XlsxBook","decl":{"start":{"line":11,"column":2},"end":{"line":16,"column":3}},"loc":{"start":{"line":11,"column":2},"end":{"line":16,"column":3}},"line":11},"2":{"name":"createPath","decl":{"start":{"line":18,"column":10},"end":{"line":21,"column":3}},"loc":{"start":{"line":18,"column":10},"end":{"line":21,"column":3}},"line":18},"3":{"name":"initializeWorkBook","decl":{"start":{"line":23,"column":10},"end":{"line":34,"column":3}},"loc":{"start":{"line":23,"column":10},"end":{"line":34,"column":3}},"line":23},"4":{"name":"getWorkBook","decl":{"start":{"line":36,"column":9},"end":{"line":38,"column":3}},"loc":{"start":{"line":36,"column":9},"end":{"line":38,"column":3}},"line":36}},"f":{"0":4,"1":4,"2":5,"3":4,"4":1}}
}
